<?xml version="1.0" encoding="UTF-8"?>
<!-- Generated by org.testng.reporters.JUnitXMLReporter -->
<testsuite ignored="0" hostname="DESKTOP-TLJL57A" failures="0" tests="4" name="Default test" time="136.224" errors="0" timestamp="2021-10-22T21:50:38 IST">
  <testcase classname="Kaitan.Final.Home" name="basePageNavigation" time="68.739"/>
  <testcase classname="Kaitan.Final.Home" name="basePageNavigation" time="19.008"/>
  <testcase classname="Kaitan.Final.Home" name="basePageNavigation" time="21.025"/>
  <testcase classname="Kaitan.Final.Home" name="basePageNavigation" time="27.323"/>
</testsuite> <!-- Default test -->
