<?xml version="1.0" encoding="UTF-8"?>
<testng-results ignored="0" total="4" passed="4" failed="0" skipped="0">
  <reporter-output>
  </reporter-output>
  <suite started-at="2021-10-22T21:48:21 IST" name="Default suite" finished-at="2021-10-22T21:50:37 IST" duration-ms="136224">
    <groups>
    </groups>
    <test started-at="2021-10-22T21:48:21 IST" name="Default test" finished-at="2021-10-22T21:50:37 IST" duration-ms="136224">
      <class name="Kaitan.Final.Home">
        <test-method signature="basePageNavigation(java.lang.String,java.lang.String)[pri:0, instance:Kaitan.Final.Home@2c1156a7]" started-at="2021-10-22T21:48:21 IST" name="basePageNavigation" data-provider="getData" finished-at="2021-10-22T21:49:30 IST" duration-ms="68739" status="PASS">
          <params>
            <param index="0">
              <value>
                <![CDATA[admin55]]>
              </value>
            </param>
            <param index="1">
              <value>
                <![CDATA[Admin@6155]]>
              </value>
            </param>
          </params>
          <reporter-output>
          </reporter-output>
        </test-method> <!-- basePageNavigation -->
        <test-method signature="basePageNavigation(java.lang.String,java.lang.String)[pri:0, instance:Kaitan.Final.Home@2c1156a7]" started-at="2021-10-22T21:49:30 IST" name="basePageNavigation" data-provider="getData" finished-at="2021-10-22T21:49:49 IST" duration-ms="19008" status="PASS">
          <params>
            <param index="0">
              <value>
                <![CDATA[admin99]]>
              </value>
            </param>
            <param index="1">
              <value>
                <![CDATA[Admin@123]]>
              </value>
            </param>
          </params>
          <reporter-output>
          </reporter-output>
        </test-method> <!-- basePageNavigation -->
        <test-method signature="basePageNavigation(java.lang.String,java.lang.String)[pri:0, instance:Kaitan.Final.Home@2c1156a7]" started-at="2021-10-22T21:49:49 IST" name="basePageNavigation" data-provider="getData" finished-at="2021-10-22T21:50:10 IST" duration-ms="21025" status="PASS">
          <params>
            <param index="0">
              <value>
                <![CDATA[admin]]>
              </value>
            </param>
            <param index="1">
              <value>
                <![CDATA[Admin@6102]]>
              </value>
            </param>
          </params>
          <reporter-output>
          </reporter-output>
        </test-method> <!-- basePageNavigation -->
        <test-method signature="basePageNavigation(java.lang.String,java.lang.String)[pri:0, instance:Kaitan.Final.Home@2c1156a7]" started-at="2021-10-22T21:50:10 IST" name="basePageNavigation" data-provider="getData" finished-at="2021-10-22T21:50:37 IST" duration-ms="27323" status="PASS">
          <params>
            <param index="0">
              <value>
                <![CDATA[ ]]>
              </value>
            </param>
            <param index="1">
              <value>
                <![CDATA[ ]]>
              </value>
            </param>
          </params>
          <reporter-output>
          </reporter-output>
        </test-method> <!-- basePageNavigation -->
      </class> <!-- Kaitan.Final.Home -->
    </test> <!-- Default test -->
  </suite> <!-- Default suite -->
</testng-results>
